2024-08-27 11:53:31.993 +0800 CST TestUser (ANDROID-5465737455736572) -> All Chat Rooms (All Chat Rooms) "test"
2024-08-27 21:03:13.519 +0800 CST HIFI (ANDROID-863342025118631) -> JESTER (ANDROID-2f69ce77446f8d48) "在指挥官这"
2024-08-27 21:03:59.729 +0800 CST HIFI (ANDROID-863342025118631) -> MINT (ANDROID-863342022865465) "在指挥官这"
2024-08-27 21:04:07.273 +0800 CST MINT (ANDROID-863342022865465) -> HIFI (ANDROID-863342025118631) "在下车目标"
2024-08-27 22:58:32.411 +0800 CST HIFI (ANDROID-863342025118631) -> MINT (ANDROID-863342022865465) "在下车目标 在指挥官这"
2024-08-27 22:58:32.411 +0800 CST HIFI (ANDROID-863342025118631) -> MINT (ANDROID-863342022865465) "在下车目标 在指挥官这"
2024-08-27 22:58:32.411 +0800 CST HIFI (ANDROID-863342025118631) -> MINT (ANDROID-863342022865465) "在下车目标 在指挥官这"
2024-08-27 23:01:12.833 +0800 CST MINT (ANDROID-863342022865465) -> HIFI (ANDROID-863342025118631) "在指挥官这"
2024-08-27 23:01:12.833 +0800 CST MINT (ANDROID-863342022865465) -> HIFI (ANDROID-863342025118631) "在指挥官这"
2024-08-27 23:01:12.833 +0800 CST MINT (ANDROID-863342022865465) -> HIFI (ANDROID-863342025118631) "在指挥官这"
2024-08-27 23:01:12.833 +0800 CST MINT (ANDROID-863342022865465) -> HIFI (ANDROID-863342025118631) "在指挥官这"
2024-08-27 23:01:12.833 +0800 CST MINT (ANDROID-863342022865465) -> HIFI (ANDROID-863342025118631) "在指挥官这"
2024-08-27 23:01:12.833 +0800 CST MINT (ANDROID-863342022865465) -> HIFI (ANDROID-863342025118631) "在指挥官这"
2024-08-27 23:01:12.833 +0800 CST MINT (ANDROID-863342022865465) -> HIFI (ANDROID-863342025118631) "在指挥官这"
2024-08-27 23:01:12.833 +0800 CST MINT (ANDROID-863342022865465) -> HIFI (ANDROID-863342025118631) "在指挥官这"
2024-08-27 23:01:12.833 +0800 CST MINT (ANDROID-863342022865465) -> HIFI (ANDROID-863342025118631) "在指挥官这"
2024-08-27 23:01:12.833 +0800 CST MINT (ANDROID-863342022865465) -> HIFI (ANDROID-863342025118631) "在指挥官这"
2024-08-27 23:01:12.833 +0800 CST MINT (ANDROID-863342022865465) -> HIFI (ANDROID-863342025118631) "在指挥官这"
2024-08-27 23:01:12.833 +0800 CST MINT (ANDROID-863342022865465) -> HIFI (ANDROID-863342025118631) "在指挥官这"
2024-11-09 20:05:33.361 +0800 CST HAWG (HAWG) -> All Chat Rooms (All Chat Rooms) "在指挥官这 在下车目标"
2024-11-09 20:07:57.717 +0800 CST HAWG (HAWG) -> All Chat Rooms (All Chat Rooms) "在指挥官这 在下车目标"
2024-11-09 20:09:59.2 +0800 CST HAWG (HAWG) -> All Chat Rooms (All Chat Rooms) "在指挥官这 在下车目标"
2024-11-09 20:11:14.913 +0800 CST HAWG (HAWG) -> All Chat Rooms (All Chat Rooms) "在指挥官这 在下车目标"
2024-11-09 20:12:26.585 +0800 CST HAWG (HAWG) -> All Chat Rooms (All Chat Rooms) "在指挥官这 在下车目标"
2024-11-09 20:14:08.589 +0800 CST HAWG (HAWG) -> All Chat Rooms (All Chat Rooms) "在指挥官这 在下车目标"
2024-11-09 20:15:57.482 +0800 CST HAWG (HAWG) -> All Chat Rooms (All Chat Rooms) "在指挥官这 在下车目标"
2024-11-09 20:18:41.246 +0800 CST HAWG (HAWG) -> All Chat Rooms (All Chat Rooms) "在指挥官这 在下车目标"
2024-11-09 20:19:09.537 +0800 CST HAWG (HAWG) -> All Chat Rooms (All Chat Rooms) "在指挥官这 在下车目标"
2024-11-09 20:27:22.74 +0800 CST HAWG (HAWG) -> All Chat Rooms (All Chat Rooms) "在指挥官这 在下车目标"
2024-11-09 20:33:36.04 +0800 CST HAWG (HAWG) -> All Chat Rooms (All Chat Rooms) "在指挥官这 在下车目标"
2024-11-09 20:35:16.667 +0800 CST HAWG (HAWG) -> All Chat Rooms (All Chat Rooms) "在指挥官这 在下车目标"
2024-11-09 20:39:35.592 +0800 CST HAWG (HAWG) -> All Chat Rooms (All Chat Rooms) "在指挥官这 在下车目标"
2024-11-09 20:40:06.057 +0800 CST HAWG (HAWG) -> All Chat Rooms (All Chat Rooms) "在指挥官这 在下车目标"
2024-11-09 20:40:33.136 +0800 CST HAWG (HAWG) -> All Chat Rooms (All Chat Rooms) "在指挥官这 在下车目标"
2024-11-09 20:41:46.869 +0800 CST HAWG (HAWG) -> All Chat Rooms (All Chat Rooms) "在指挥官这 在下车目标"
2024-11-09 20:44:22.554 +0800 CST HAWG (HAWG) -> All Chat Rooms (All Chat Rooms) "在指挥官这 在下车目标"
2024-11-09 20:45:38.969 +0800 CST HAWG (HAWG) -> All Chat Rooms (All Chat Rooms) "在指挥官这 在下车目标"
2024-11-09 20:45:48.352 +0800 CST HAWG (HAWG) -> All Chat Rooms (All Chat Rooms) "在指挥官这 在下车目标"
2024-11-09 20:45:51.074 +0800 CST HAWG (HAWG) -> All Chat Rooms (All Chat Rooms) "在指挥官这 在下车目标"
2024-11-09 20:45:52.649 +0800 CST HAWG (HAWG) -> All Chat Rooms (All Chat Rooms) "在指挥官这 在下车目标"
2024-11-09 20:53:03.842 +0800 CST HAWG (HAWG) -> All Chat Rooms (All Chat Rooms) "在指挥官这 在下车目标"
2024-11-09 20:55:11.103 +0800 CST HAWG (HAWG) -> All Chat Rooms (All Chat Rooms) "在指挥官这 在下车目标"
2024-11-09 20:55:14.68 +0800 CST HAWG (HAWG) -> All Chat Rooms (All Chat Rooms) "在指挥官这 在下车目标"
2024-11-09 20:55:18.652 +0800 CST HAWG (HAWG) -> All Chat Rooms (All Chat Rooms) "在指挥官这 在下车目标"
2024-11-09 20:55:22.533 +0800 CST HAWG (HAWG) -> All Chat Rooms (All Chat Rooms) "在指挥官这 在下车目标"
2024-11-09 20:55:27.19 +0800 CST HAWG (HAWG) -> All Chat Rooms (All Chat Rooms) "在指挥官这 在下车目标"
2024-11-09 20:55:37.35 +0800 CST HAWG (HAWG) -> All Chat Rooms (All Chat Rooms) "在指挥官这 在下车目标"
2024-11-09 20:57:27.713 +0800 CST HAWG (HAWG) -> All Chat Rooms (All Chat Rooms) "在指挥官这 在下车目标"
2024-11-09 20:57:31.369 +0800 CST HAWG (HAWG) -> All Chat Rooms (All Chat Rooms) "在指挥官这 在下车目标"
2024-11-09 20:57:36.274 +0800 CST HAWG (HAWG) -> All Chat Rooms (All Chat Rooms) "在指挥官这 在下车目标"
2024-11-09 20:57:40.634 +0800 CST HAWG (HAWG) -> All Chat Rooms (All Chat Rooms) "在指挥官这 在下车目标"
2024-11-09 21:00:57.875 +0800 CST HAWG (HAWG) -> All Chat Rooms (All Chat Rooms) "在指挥官这 在下车目标"
2024-11-09 21:01:01.014 +0800 CST HAWG (HAWG) -> All Chat Rooms (All Chat Rooms) "在指挥官这 在下车目标"
2024-12-10 20:16:22.1 +0800 CST MINT (ANDROID-863342022865465) -> 单兵2 (ANDROID-352410090312344) "在指挥官这"
2024-12-10 20:17:13.545 +0800 CST 单兵2 (ANDROID-352410090312344) -> 所有聊天室 (All Chat Rooms) "在下车目标 在下车目标"
2024-12-10 20:16:51.594 +0800 CST MINT (ANDROID-863342022865465) -> 所有聊天室 (All Chat Rooms) "在指挥官这 在指挥官这"
2024-12-10 20:16:59.011 +0800 CST MINT (ANDROID-863342022865465) -> 所有聊天室 (All Chat Rooms) "在突破口"
2024-12-10 20:17:33.238 +0800 CST 单兵2 (ANDROID-352410090312344) -> 所有聊天室 (All Chat Rooms) "在指挥官这"
2024-12-10 20:17:38.708 +0800 CST 单兵2 (ANDROID-352410090312344) -> 所有聊天室 (All Chat Rooms) "在突破口"
2024-12-10 20:17:19.673 +0800 CST MINT (ANDROID-863342022865465) -> 所有聊天室 (All Chat Rooms) "在突破口"
2024-12-10 20:19:56.579 +0800 CST 单兵2 (ANDROID-352410090312344) -> 所有聊天室 (All Chat Rooms) "在下车目标"
2024-12-10 20:20:58.678 +0800 CST 单兵2 (ANDROID-352410090312344) -> 所有聊天室 (All Chat Rooms) "在指挥官这 收到 在下车目标"
2024-12-10 20:24:59.778 +0800 CST 单兵2 (ANDROID-352410090312344) -> 所有聊天室 (All Chat Rooms) "在指挥官这"
2024-12-10 20:24:34.381 +0800 CST MINT (ANDROID-863342022865465) -> 所有聊天室 (All Chat Rooms) "在指挥官这"
2024-12-10 20:24:38.983 +0800 CST MINT (ANDROID-863342022865465) -> 所有聊天室 (All Chat Rooms) "在突破口 在突破口"
2024-12-10 20:25:05.009 +0800 CST MINT (ANDROID-863342022865465) -> 所有聊天室 (All Chat Rooms) "在突破口"
2024-12-10 20:30:19.241 +0800 CST MINT (ANDROID-863342022865465) -> 所有聊天室 (All Chat Rooms) "收到 收到"
2024-12-10 20:33:11.435 +0800 CST MINT (ANDROID-863342022865465) -> 所有聊天室 (All Chat Rooms) "收到"
2024-12-10 20:33:48.421 +0800 CST MINT (ANDROID-863342022865465) -> 所有聊天室 (All Chat Rooms) "收到 在指挥官这"
2024-12-10 20:37:08.484 +0800 CST 单兵2 (ANDROID-352410090312344) -> 所有聊天室 (All Chat Rooms) "在突破口"
2024-12-10 20:37:43.466 +0800 CST 单兵2 (ANDROID-352410090312344) -> 所有聊天室 (All Chat Rooms) "收到"
2024-12-10 20:38:20.201 +0800 CST 单兵2 (ANDROID-352410090312344) -> 所有聊天室 (All Chat Rooms) "收到"
2024-12-10 20:38:06.13 +0800 CST MINT (ANDROID-863342022865465) -> 所有聊天室 (All Chat Rooms) "在下车目标"
2024-12-10 20:39:13.093 +0800 CST 单兵2 (ANDROID-352410090312344) -> 所有聊天室 (All Chat Rooms) "在指挥官这"
2024-12-10 20:38:51.621 +0800 CST MINT (ANDROID-863342022865465) -> 所有聊天室 (All Chat Rooms) "在下车目标"
2024-12-10 20:39:31.824 +0800 CST LARVA (ANDROID-c419f2a93c28c88a) -> 所有聊天室 (All Chat Rooms) "在突破口"
2024-12-10 20:39:11.005 +0800 CST MINT (ANDROID-863342022865465) -> 所有聊天室 (All Chat Rooms) "在突破口"
2024-12-10 20:39:18.422 +0800 CST MINT (ANDROID-863342022865465) -> 所有聊天室 (All Chat Rooms) "在突破口 在下车目标"
2024-12-10 20:45:15.529 +0800 CST LARVA (ANDROID-c419f2a93c28c88a) -> 所有聊天室 (All Chat Rooms) "在指挥官这"
2024-12-10 20:44:50.416 +0800 CST MINT (ANDROID-863342022865465) -> 所有聊天室 (All Chat Rooms) "在突破口"
2024-12-10 20:44:56.024 +0800 CST MINT (ANDROID-863342022865465) -> 所有聊天室 (All Chat Rooms) "在突破口"
2024-12-10 20:45:04.27 +0800 CST MINT (ANDROID-863342022865465) -> 所有聊天室 (All Chat Rooms) "在下车目标 在下车目标"
2024-12-10 20:50:47.735 +0800 CST MINT (ANDROID-863342022865465) -> 所有聊天室 (All Chat Rooms) "在指挥官这 在指挥官这"
2024-12-10 20:51:00.759 +0800 CST MINT (ANDROID-863342022865465) -> 所有聊天室 (All Chat Rooms) "在突破口"
2024-12-10 20:51:37.343 +0800 CST 单兵2 (ANDROID-352410090312344) -> 所有聊天室 (All Chat Rooms) "在突破口"
2024-12-10 20:51:11.998 +0800 CST MINT (ANDROID-863342022865465) -> 所有聊天室 (All Chat Rooms) "在下车目标"
2024-12-10 20:52:05.811 +0800 CST LARVA (ANDROID-c419f2a93c28c88a) -> 所有聊天室 (All Chat Rooms) "在下车目标"
2024-12-10 20:51:44.221 +0800 CST MINT (ANDROID-863342022865465) -> 所有聊天室 (All Chat Rooms) "在指挥官这"
2024-12-10 20:55:48.994 +0800 CST MINT (ANDROID-863342022865465) -> 所有聊天室 (All Chat Rooms) "在突破口"
2024-12-10 20:55:48.994 +0800 CST MINT (ANDROID-863342022865465) -> 所有聊天室 (All Chat Rooms) "在突破口"
2024-12-10 20:56:22.416 +0800 CST 单兵2 (ANDROID-352410090312344) -> 所有聊天室 (All Chat Rooms) "在指挥官这"
2024-12-10 21:10:54.906 +0800 CST MINT (ANDROID-863342022865465) -> 所有聊天室 (All Chat Rooms) "在下车目标"
2024-12-10 21:10:54.906 +0800 CST MINT (ANDROID-863342022865465) -> 所有聊天室 (All Chat Rooms) "在下车目标"
2024-12-10 21:11:27.884 +0800 CST LARVA (ANDROID-c419f2a93c28c88a) -> 所有聊天室 (All Chat Rooms) "在下车目标"
2024-12-10 21:13:07.614 +0800 CST LARVA (ANDROID-c419f2a93c28c88a) -> 所有聊天室 (All Chat Rooms) "在突破口"
2024-12-10 21:17:05.894 +0800 CST 伴随保障 (ANDROID-300953b31f4f9d51) -> MINT (ANDROID-863342022865465) "在突破口"
2024-12-10 21:16:59.434 +0800 CST MINT (ANDROID-863342022865465) -> 伴随保障 (ANDROID-300953b31f4f9d51) "全部安全"
2024-12-10 21:16:59.434 +0800 CST MINT (ANDROID-863342022865465) -> 伴随保障 (ANDROID-300953b31f4f9d51) "全部安全"
2024-12-10 21:17:39.464 +0800 CST 伴随保障 (ANDROID-300953b31f4f9d51) -> 所有聊天室 (All Chat Rooms) "弹药不足"
2024-12-10 21:19:17.89 +0800 CST LARVA (ANDROID-c419f2a93c28c88a) -> 所有聊天室 (All Chat Rooms) "在指挥官这"
2024-12-10 21:20:23.419 +0800 CST MINT (ANDROID-863342022865465) -> 所有聊天室 (All Chat Rooms) "在下车目标"
2024-12-10 21:21:08.635 +0800 CST LARVA (ANDROID-c419f2a93c28c88a) -> 所有聊天室 (All Chat Rooms) "在指挥官这"
